<?xml version="1.0" encoding="UTF-8"?>
<testsuites>
  <testsuite name="Project 1.TestSuit" tests="3" failures="1" errors="0" time="0.57" package="Project 1" id="1">
    <properties>
[...]
</properties>
    <testcase name="ListUser" time="0.276"/>
    <testcase name="SingleUser" time="0.051">
      <failure type="Cancelling due to failed test step" message="Cancelling due to failed test step"><![CDATA[<h3><b>SingeluserWithInvalid Failed</b></h3><pre>[Valid HTTP Status Codes] Response status code:404 is not in acceptable list of status codes
Status: FAILED
Time Taken: 24
Size: 2
Timestamp: Mon Dec 16 20:39:40 EST 2019
TestStep: SingeluserWithInvalid

----------------- Messages ------------------------------
[Valid HTTP Status Codes] Response status code:404 is not in acceptable list of status codes

----------------- Properties ------------------------------
HTTP Version: HTTP/1.1
Endpoint: https://reqres.in
Encoding: UTF-8
Method: GET
StatusCode: 404
URL: https://reqres.in/api/users/3444

---------------- Request ---------------------------
Connection: [Keep-Alive]
User-Agent: [Apache-HttpClient/4.1.1 (java 1.5)]
Host: [reqres.in]
Accept-Encoding: [gzip,deflate]

GET https://reqres.in/api/users/3444 HTTP/1.1
Accept-Encoding: gzip,deflate
Host: reqres.in
Connection: Keep-Alive
User-Agent: Apache-HttpClient/4.1.1 (java 1.5)


---------------- Response --------------------------
Server: [cloudflare]
CF-RAY: [54652f385dffcf5c-IAD]
Access-Control-Allow-Origin: [*]
Connection: [keep-alive]
Date: [Tue, 17 Dec 2019 01:39:38 GMT]
Via: [1.1 vegur]
CF-Cache-Status: [HIT]
Etag: [W/&quot;2-vyGp6PvFo4RvsFtPoIWeCReyIC8&quot;]
Cache-Control: [max-age=14400]
Set-Cookie: [__cfduid=d1c3b853ab234f0093aa30a1fcb33a96b1576546778; expires=Thu, 16-Jan-20 01:39:38 GMT; path=/; domain=.reqres.in; HttpOnly; Secure]
Vary: [Accept-Encoding]
#status#: [HTTP/1.1 404 Not Found]
Content-Length: [2]
Age: [54]
Content-Type: [application/json; charset=utf-8]
X-Powered-By: [Express]
Expect-CT: [max-age=604800, report-uri=&quot;https://report-uri.cloudflare.com/cdn-cgi/beacon/expect-ct&quot;]

{}
</pre><hr/>]]></failure>
    </testcase>
    <testcase name="Post_Demo" time="0.243"/>
  </testsuite>
</testsuites>